<?xml version="1.0" encoding="UTF-8"?>
<!-- Generated by org.testng.reporters.JUnitXMLReporter -->
<testsuite ignored="6" hostname="Bredlin" failures="0" tests="4" name="Test" time="50.777" errors="0" timestamp="2022-08-17T17:27:03 IST">
  <testcase classname="com.userprofile.UserProfileTest" name="verifyUserProfileTest" time="5.81"/>
  <testcase classname="com.approveleave.ApplicationTest" name="approveLeaveTest" time="1.877"/>
  <testcase classname="com.updaterecommendedleave.RecommendedApplicationsTest" name="updateLeaveTest" time="6.743"/>
  <testcase classname="com.onlineleavemanagement.HomePageTest" name="applyLeave" time="3.791"/>
  <testcase classname="com.edu.leavemng.genericlib.BaseClass" name="@AfterSuite configAS" time="0.0">
    <ignored/>
  </testcase> <!-- @AfterSuite configAS -->
  <testcase classname="com.edu.leavemng.genericlib.BaseClass" name="@AfterSuite configAS" time="0.0">
    <ignored/>
  </testcase> <!-- @AfterSuite configAS -->
  <testcase classname="com.edu.leavemng.genericlib.BaseClass" name="@AfterSuite configAS" time="0.0">
    <ignored/>
  </testcase> <!-- @AfterSuite configAS -->
  <testcase classname="com.edu.leavemng.genericlib.BaseClass" name="@BeforeSuite configBS" time="0.0">
    <ignored/>
  </testcase> <!-- @BeforeSuite configBS -->
  <testcase classname="com.edu.leavemng.genericlib.BaseClass" name="@BeforeSuite configBS" time="0.0">
    <ignored/>
  </testcase> <!-- @BeforeSuite configBS -->
  <testcase classname="com.edu.leavemng.genericlib.BaseClass" name="@BeforeSuite configBS" time="0.0">
    <ignored/>
  </testcase> <!-- @BeforeSuite configBS -->
</testsuite> <!-- Test -->
