<?xml version="1.0" encoding="UTF-8"?>
<testng-results ignored="0" total="1" passed="1" failed="0" skipped="0">
  <reporter-output>
  </reporter-output>
  <suite started-at="2022-08-23T15:55:35 IST" name="Default suite" finished-at="2022-08-23T15:55:55 IST" duration-ms="19362">
    <groups>
    </groups>
    <test started-at="2022-08-23T15:55:35 IST" name="Default test" finished-at="2022-08-23T15:55:55 IST" duration-ms="19362">
      <class name="com.updaterecommendedleave.RecommendedApplicationsTest">
        <test-method is-config="true" signature="configBS()[pri:0, instance:com.updaterecommendedleave.RecommendedApplicationsTest@614ca7df]" started-at="2022-08-23T15:55:35 IST" name="configBS" finished-at="2022-08-23T15:55:35 IST" duration-ms="22" status="PASS">
          <reporter-output>
          </reporter-output>
        </test-method> <!-- configBS -->
        <test-method is-config="true" signature="configBC()[pri:0, instance:com.updaterecommendedleave.RecommendedApplicationsTest@614ca7df]" started-at="2022-08-23T15:55:35 IST" name="configBC" finished-at="2022-08-23T15:55:41 IST" duration-ms="5983" status="PASS">
          <reporter-output>
          </reporter-output>
        </test-method> <!-- configBC -->
        <test-method is-config="true" signature="configBM()[pri:0, instance:com.updaterecommendedleave.RecommendedApplicationsTest@614ca7df]" started-at="2022-08-23T15:55:41 IST" name="configBM" finished-at="2022-08-23T15:55:44 IST" duration-ms="3076" status="PASS">
          <reporter-output>
          </reporter-output>
        </test-method> <!-- configBM -->
        <test-method signature="updateLeaveTest()[pri:0, instance:com.updaterecommendedleave.RecommendedApplicationsTest@614ca7df]" started-at="2022-08-23T15:55:44 IST" name="updateLeaveTest" finished-at="2022-08-23T15:55:54 IST" duration-ms="9326" status="PASS">
          <reporter-output>
          </reporter-output>
        </test-method> <!-- updateLeaveTest -->
        <test-method is-config="true" signature="configAM()[pri:0, instance:com.updaterecommendedleave.RecommendedApplicationsTest@614ca7df]" started-at="2022-08-23T15:55:54 IST" name="configAM" finished-at="2022-08-23T15:55:54 IST" duration-ms="406" status="PASS">
          <reporter-output>
          </reporter-output>
        </test-method> <!-- configAM -->
        <test-method is-config="true" signature="configAC()[pri:0, instance:com.updaterecommendedleave.RecommendedApplicationsTest@614ca7df]" started-at="2022-08-23T15:55:54 IST" name="configAC" finished-at="2022-08-23T15:55:54 IST" duration-ms="462" status="PASS">
          <reporter-output>
          </reporter-output>
        </test-method> <!-- configAC -->
        <test-method is-config="true" signature="configAS()[pri:0, instance:com.updaterecommendedleave.RecommendedApplicationsTest@614ca7df]" started-at="2022-08-23T15:55:55 IST" name="configAS" finished-at="2022-08-23T15:55:55 IST" duration-ms="1" status="PASS">
          <reporter-output>
          </reporter-output>
        </test-method> <!-- configAS -->
      </class> <!-- com.updaterecommendedleave.RecommendedApplicationsTest -->
    </test> <!-- Default test -->
  </suite> <!-- Default suite -->
</testng-results>
